0 info it worked if it ends with ok
1 verbose cli [ '/usr/local/bin/node',
1 verbose cli   '/usr/local/bin/npm',
1 verbose cli   'install',
1 verbose cli   'Clase.js' ]
2 info using npm@3.8.6
3 info using node@v6.1.0
4 silly loadCurrentTree Starting
5 silly install loadCurrentTree
6 silly install readLocalPackageData
7 silly fetchPackageMetaData Clase.js
8 silly fetchOtherPackageData Clase.js
9 silly cache add args [ 'Clase.js', null ]
10 verbose cache add spec Clase.js
11 silly cache add parsed spec Result {
11 silly cache add   raw: 'Clase.js',
11 silly cache add   scope: null,
11 silly cache add   name: null,
11 silly cache add   rawSpec: 'Clase.js',
11 silly cache add   spec: '/home/facuz/Proyectos/torrentmedia/app/Clase.js',
11 silly cache add   type: 'local' }
12 silly addLocalTarball shasum (computed) b0b01ca0a615b7bd629ee308486f0cd55bfaaed7
13 verbose addTmpTarball /home/facuz/Proyectos/torrentmedia/app/Clase.js not in flight; adding
14 verbose correctMkdir /home/facuz/.npm correctMkdir not in flight; initializing
15 verbose addTmpTarball validating metadata from /home/facuz/Proyectos/torrentmedia/app/Clase.js
16 verbose tar unpack /home/facuz/Proyectos/torrentmedia/app/Clase.js
17 verbose tar unpacking to /tmp/npm-17729-c74ed22f/unpack-58903843
18 silly gentlyRm /tmp/npm-17729-c74ed22f/unpack-58903843 is being purged
19 verbose gentlyRm don't care about contents; nuking /tmp/npm-17729-c74ed22f/unpack-58903843
20 silly gunzTarPerm modes [ '775', '664' ]
21 error not a package /home/facuz/Proyectos/torrentmedia/app/Clase.js
22 error addLocal Could not install /home/facuz/Proyectos/torrentmedia/app/Clase.js
23 silly fetchPackageMetaData Error: ENOENT: no such file or directory, open '/tmp/npm-17729-c74ed22f/unpack-58903843/package.json'
23 silly fetchPackageMetaData     at Error (native)
23 silly fetchPackageMetaData  error for Clase.js { Error: ENOENT: no such file or directory, open '/tmp/npm-17729-c74ed22f/unpack-58903843/package.json'
23 silly fetchPackageMetaData     at Error (native)
23 silly fetchPackageMetaData   errno: -2,
23 silly fetchPackageMetaData   code: 'ENOENT',
23 silly fetchPackageMetaData   syscall: 'open',
23 silly fetchPackageMetaData   path: '/tmp/npm-17729-c74ed22f/unpack-58903843/package.json' }
24 silly rollbackFailedOptional Starting
25 silly rollbackFailedOptional Finishing
26 silly runTopLevelLifecycles Starting
27 silly runTopLevelLifecycles Finishing
28 silly install printInstalled
29 verbose stack Error: ENOENT: no such file or directory, open '/tmp/npm-17729-c74ed22f/unpack-58903843/package.json'
29 verbose stack     at Error (native)
30 verbose cwd /home/facuz/Proyectos/torrentmedia/app
31 error Linux 4.4.0-21-generic
32 error argv "/usr/local/bin/node" "/usr/local/bin/npm" "install" "Clase.js"
33 error node v6.1.0
34 error npm  v3.8.6
35 error path /tmp/npm-17729-c74ed22f/unpack-58903843/package.json
36 error code ENOENT
37 error errno -2
38 error syscall open
39 error enoent ENOENT: no such file or directory, open '/tmp/npm-17729-c74ed22f/unpack-58903843/package.json'
40 error enoent ENOENT: no such file or directory, open '/tmp/npm-17729-c74ed22f/unpack-58903843/package.json'
40 error enoent This is most likely not a problem with npm itself
40 error enoent and is related to npm not being able to find a file.
41 verbose exit [ -2, true ]
